<?xml version="1.0" encoding="UTF-8"?>
<testng-results ignored="0" total="1" passed="1" failed="0" skipped="0">
  <reporter-output>
    <line>
      <![CDATA[database connected]]>
    </line>
    <line>
      <![CDATA[Browser is launched successfully]]>
    </line>
    <line>
      <![CDATA[logged in successfully]]>
    </line>
    <line>
      <![CDATA[logged out successfully]]>
    </line>
    <line>
      <![CDATA[browser closed successfully]]>
    </line>
    <line>
      <![CDATA[database disconnected sucessfully]]>
    </line>
  </reporter-output>
  <suite started-at="2023-07-24T11:51:23 IST" name="Default suite" finished-at="2023-07-24T11:52:00 IST" duration-ms="37513">
    <groups>
    </groups>
    <test started-at="2023-07-24T11:51:23 IST" name="Default test" finished-at="2023-07-24T11:52:00 IST" duration-ms="37513">
      <class name="com.Actitime.Testscripts.CreateCustomer">
        <test-method is-config="true" signature="databaseConnection()[pri:0, instance:com.Actitime.Testscripts.CreateCustomer@4d15107f]" started-at="2023-07-24T11:51:23 IST" name="databaseConnection" finished-at="2023-07-24T11:51:23 IST" duration-ms="31" status="PASS">
          <reporter-output>
            <line>
              <![CDATA[database connected]]>
            </line>
          </reporter-output>
        </test-method> <!-- databaseConnection -->
        <test-method is-config="true" signature="launchBrowser()[pri:0, instance:com.Actitime.Testscripts.CreateCustomer@4d15107f]" started-at="2023-07-24T11:51:23 IST" name="launchBrowser" finished-at="2023-07-24T11:51:47 IST" duration-ms="23559" status="PASS">
          <reporter-output>
            <line>
              <![CDATA[Browser is launched successfully]]>
            </line>
          </reporter-output>
        </test-method> <!-- launchBrowser -->
        <test-method is-config="true" signature="login()[pri:0, instance:com.Actitime.Testscripts.CreateCustomer@4d15107f]" started-at="2023-07-24T11:51:47 IST" name="login" finished-at="2023-07-24T11:51:47 IST" duration-ms="406" status="PASS">
          <reporter-output>
            <line>
              <![CDATA[logged in successfully]]>
            </line>
          </reporter-output>
        </test-method> <!-- login -->
        <test-method signature="createcustomer()[pri:0, instance:com.Actitime.Testscripts.CreateCustomer@4d15107f]" started-at="2023-07-24T11:51:47 IST" name="createcustomer" finished-at="2023-07-24T11:51:57 IST" duration-ms="9722" status="PASS">
          <reporter-output>
          </reporter-output>
        </test-method> <!-- createcustomer -->
        <test-method is-config="true" signature="logout()[pri:0, instance:com.Actitime.Testscripts.CreateCustomer@4d15107f]" started-at="2023-07-24T11:51:57 IST" name="logout" finished-at="2023-07-24T11:52:00 IST" duration-ms="3101" status="PASS">
          <reporter-output>
            <line>
              <![CDATA[logged out successfully]]>
            </line>
          </reporter-output>
        </test-method> <!-- logout -->
        <test-method is-config="true" signature="closeBrowser()[pri:0, instance:com.Actitime.Testscripts.CreateCustomer@4d15107f]" started-at="2023-07-24T11:52:00 IST" name="closeBrowser" finished-at="2023-07-24T11:52:00 IST" duration-ms="666" status="PASS">
          <reporter-output>
            <line>
              <![CDATA[browser closed successfully]]>
            </line>
          </reporter-output>
        </test-method> <!-- closeBrowser -->
        <test-method is-config="true" signature="disconnectdatabase()[pri:0, instance:com.Actitime.Testscripts.CreateCustomer@4d15107f]" started-at="2023-07-24T11:52:01 IST" name="disconnectdatabase" finished-at="2023-07-24T11:52:01 IST" duration-ms="0" status="PASS">
          <reporter-output>
            <line>
              <![CDATA[database disconnected sucessfully]]>
            </line>
          </reporter-output>
        </test-method> <!-- disconnectdatabase -->
      </class> <!-- com.Actitime.Testscripts.CreateCustomer -->
    </test> <!-- Default test -->
  </suite> <!-- Default suite -->
</testng-results>
